<?xml version="1.0" encoding="UTF-8"?>
<!-- Generated by org.testng.reporters.JUnitXMLReporter -->
<testsuite ignored="2" hostname="TYSS-Sneha" failures="0" tests="6" name="TestRunner_Chrome" time="0.202" errors="0" timestamp="2024-07-09T22:15:55 IST">
  <testcase classname="generic.baseTest.BaseClass" name="@BeforeClass configBC" time="0.007">
    <failure type="java.lang.NullPointerException" message="Cannot invoke &amp;quot;org.openqa.selenium.WebDriver.manage()&amp;quot; because &amp;quot;driver&amp;quot; is null">
      <![CDATA[java.lang.NullPointerException: Cannot invoke "org.openqa.selenium.WebDriver.manage()" because "driver" is null
at generic.webDriverUtility.WebDriverUtility.waitForPageToLoad(WebDriverUtility.java:25)
at generic.baseTest.BaseClass.configBC(BaseClass.java:62)
at java.base/java.util.ArrayList.forEach(ArrayList.java:1597)
at java.base/java.util.concurrent.FutureTask.run(FutureTask.java:317)
at java.base/java.util.concurrent.ThreadPoolExecutor.runWorker(ThreadPoolExecutor.java:1144)
at java.base/java.util.concurrent.ThreadPoolExecutor$Worker.run(ThreadPoolExecutor.java:642)
at java.base/java.lang.Thread.run(Thread.java:1570)
... Removed 14 stack frames]]>
    </failure>
  </testcase> <!-- @BeforeClass configBC -->
  <testcase classname="generic.baseTest.BaseClass" name="@BeforeMethod configBM" time="-1.720543554931E9">
    <skipped/>
  </testcase> <!-- @BeforeMethod configBM -->
  <testcase classname="generic.baseTest.BaseClass" name="@AfterMethod configAM" time="-1.720543554946E9">
    <skipped/>
  </testcase> <!-- @AfterMethod configAM -->
  <testcase classname="generic.baseTest.BaseClass" name="@BeforeMethod configBM" time="-1.720543554953E9">
    <skipped/>
  </testcase> <!-- @BeforeMethod configBM -->
  <testcase classname="generic.baseTest.BaseClass" name="@AfterMethod configAM" time="-1.720543554968E9">
    <skipped/>
  </testcase> <!-- @AfterMethod configAM -->
  <testcase classname="generic.baseTest.BaseClass" name="@BeforeMethod configBM" time="-1.720543554976E9">
    <skipped/>
  </testcase> <!-- @BeforeMethod configBM -->
  <testcase classname="generic.baseTest.BaseClass" name="@AfterMethod configAM" time="-1.720543554988E9">
    <skipped/>
  </testcase> <!-- @AfterMethod configAM -->
  <testcase classname="generic.baseTest.BaseClass" name="@AfterClass configAC" time="-1.720543554996E9">
    <skipped/>
  </testcase> <!-- @AfterClass configAC -->
  <testcase classname="generic.baseTest.BaseClass" name="@BeforeClass configBC" time="0.001">
    <failure type="java.lang.NullPointerException" message="Cannot invoke &amp;quot;org.openqa.selenium.WebDriver.manage()&amp;quot; because &amp;quot;driver&amp;quot; is null">
      <![CDATA[java.lang.NullPointerException: Cannot invoke "org.openqa.selenium.WebDriver.manage()" because "driver" is null
at generic.webDriverUtility.WebDriverUtility.waitForPageToLoad(WebDriverUtility.java:25)
at generic.baseTest.BaseClass.configBC(BaseClass.java:62)
at java.base/java.util.ArrayList.forEach(ArrayList.java:1597)
at java.base/java.util.concurrent.FutureTask.run(FutureTask.java:317)
at java.base/java.util.concurrent.ThreadPoolExecutor.runWorker(ThreadPoolExecutor.java:1144)
at java.base/java.util.concurrent.ThreadPoolExecutor$Worker.run(ThreadPoolExecutor.java:642)
at java.base/java.lang.Thread.run(Thread.java:1570)
... Removed 14 stack frames]]>
    </failure>
  </testcase> <!-- @BeforeClass configBC -->
  <testcase classname="generic.baseTest.BaseClass" name="@BeforeMethod configBM" time="-1.720543555014E9">
    <skipped/>
  </testcase> <!-- @BeforeMethod configBM -->
  <testcase classname="generic.baseTest.BaseClass" name="@AfterMethod configAM" time="-1.720543555024E9">
    <skipped/>
  </testcase> <!-- @AfterMethod configAM -->
  <testcase classname="generic.baseTest.BaseClass" name="@BeforeMethod configBM" time="-1.72054355503E9">
    <skipped/>
  </testcase> <!-- @BeforeMethod configBM -->
  <testcase classname="generic.baseTest.BaseClass" name="@AfterMethod configAM" time="-1.720543555041E9">
    <skipped/>
  </testcase> <!-- @AfterMethod configAM -->
  <testcase classname="generic.baseTest.BaseClass" name="@BeforeMethod configBM" time="-1.720543555046E9">
    <skipped/>
  </testcase> <!-- @BeforeMethod configBM -->
  <testcase classname="generic.baseTest.BaseClass" name="@AfterMethod configAM" time="-1.720543555056E9">
    <skipped/>
  </testcase> <!-- @AfterMethod configAM -->
  <testcase classname="generic.baseTest.BaseClass" name="@AfterClass configAC" time="-1.720543555059E9">
    <skipped/>
  </testcase> <!-- @AfterClass configAC -->
  <testcase classname="contactTes_BaseClass.CreateContactTest" name="createConTest" time="0.0">
    <skipped/>
  </testcase> <!-- createConTest -->
  <testcase classname="contactTes_BaseClass.CreateContactTest" name="createConWithSupportDate" time="0.0">
    <skipped/>
  </testcase> <!-- createConWithSupportDate -->
  <testcase classname="contactTes_BaseClass.CreateContactTest" name="createContactWithOrgTest" time="0.0">
    <skipped/>
  </testcase> <!-- createContactWithOrgTest -->
  <testcase classname="contactTes_BaseClass.createOrganizationTest" name="createOrgTest" time="0.0">
    <skipped/>
  </testcase> <!-- createOrgTest -->
  <testcase classname="contactTes_BaseClass.createOrganizationTest" name="createOrgWithInd" time="0.0">
    <skipped/>
  </testcase> <!-- createOrgWithInd -->
  <testcase classname="contactTes_BaseClass.createOrganizationTest" name="createOrgWithPhNo" time="0.0">
    <skipped/>
  </testcase> <!-- createOrgWithPhNo -->
  <testcase classname="generic.baseTest.BaseClass" name="@AfterSuite configAS" time="0.0">
    <ignored/>
  </testcase> <!-- @AfterSuite configAS -->
  <testcase classname="generic.baseTest.BaseClass" name="@BeforeSuite configBS" time="0.0">
    <ignored/>
  </testcase> <!-- @BeforeSuite configBS -->
</testsuite> <!-- TestRunner_Chrome -->
